Determining if the pthread_create exist failed with the following output:
Change Dir: /home/oem/Documents/CVROV/Final?/Server/CMakeFiles/CMakeTmp

Run Build Command:"/usr/bin/make" "cmTC_13ce1/fast"
/usr/bin/make -f CMakeFiles/cmTC_13ce1.dir/build.make CMakeFiles/cmTC_13ce1.dir/build
make[1]: Entering directory '/home/oem/Documents/CVROV/Final?/Server/CMakeFiles/CMakeTmp'
Building C object CMakeFiles/cmTC_13ce1.dir/CheckSymbolExists.c.o
/usr/bin/cc     -o CMakeFiles/cmTC_13ce1.dir/CheckSymbolExists.c.o   -c /home/oem/Documents/CVROV/Final?/Server/CMakeFiles/CMakeTmp/CheckSymbolExists.c
Linking C executable cmTC_13ce1
/usr/bin/cmake -E cmake_link_script CMakeFiles/cmTC_13ce1.dir/link.txt --verbose=1
/usr/bin/cc       CMakeFiles/cmTC_13ce1.dir/CheckSymbolExists.c.o  -o cmTC_13ce1 -rdynamic 
CMakeFiles/cmTC_13ce1.dir/CheckSymbolExists.c.o: In function `main':
CheckSymbolExists.c:(.text+0x16): undefined reference to `pthread_create'
collect2: error: ld returned 1 exit status
CMakeFiles/cmTC_13ce1.dir/build.make:97: recipe for target 'cmTC_13ce1' failed
make[1]: *** [cmTC_13ce1] Error 1
make[1]: Leaving directory '/home/oem/Documents/CVROV/Final?/Server/CMakeFiles/CMakeTmp'
Makefile:126: recipe for target 'cmTC_13ce1/fast' failed
make: *** [cmTC_13ce1/fast] Error 2

File /home/oem/Documents/CVROV/Final?/Server/CMakeFiles/CMakeTmp/CheckSymbolExists.c:
/* */
#include <pthread.h>

int main(int argc, char** argv)
{
  (void)argv;
#ifndef pthread_create
  return ((int*)(&pthread_create))[argc];
#else
  (void)argc;
  return 0;
#endif
}

Determining if the pthread_create exist failed with the following output:
Change Dir: /home/jpassehl/Desktop/SP/Server/CMakeFiles/CMakeTmp

Run Build Command:"/usr/bin/make" "cmTC_02ebe/fast"
/usr/bin/make -f CMakeFiles/cmTC_02ebe.dir/build.make CMakeFiles/cmTC_02ebe.dir/build
make[1]: Entering directory '/home/jpassehl/Desktop/SP/Server/CMakeFiles/CMakeTmp'
Building C object CMakeFiles/cmTC_02ebe.dir/CheckSymbolExists.c.o
/usr/bin/cc     -o CMakeFiles/cmTC_02ebe.dir/CheckSymbolExists.c.o   -c /home/jpassehl/Desktop/SP/Server/CMakeFiles/CMakeTmp/CheckSymbolExists.c
Linking C executable cmTC_02ebe
/usr/bin/cmake -E cmake_link_script CMakeFiles/cmTC_02ebe.dir/link.txt --verbose=1
/usr/bin/cc       CMakeFiles/cmTC_02ebe.dir/CheckSymbolExists.c.o  -o cmTC_02ebe -rdynamic 
CMakeFiles/cmTC_02ebe.dir/CheckSymbolExists.c.o: In function `main':
CheckSymbolExists.c:(.text+0x16): undefined reference to `pthread_create'
collect2: error: ld returned 1 exit status
CMakeFiles/cmTC_02ebe.dir/build.make:97: recipe for target 'cmTC_02ebe' failed
make[1]: *** [cmTC_02ebe] Error 1
make[1]: Leaving directory '/home/jpassehl/Desktop/SP/Server/CMakeFiles/CMakeTmp'
Makefile:126: recipe for target 'cmTC_02ebe/fast' failed
make: *** [cmTC_02ebe/fast] Error 2

File /home/jpassehl/Desktop/SP/Server/CMakeFiles/CMakeTmp/CheckSymbolExists.c:
/* */
#include <pthread.h>

int main(int argc, char** argv)
{
  (void)argv;
#ifndef pthread_create
  return ((int*)(&pthread_create))[argc];
#else
  (void)argc;
  return 0;
#endif
}

